2011.03.11 18:45 B E:\Feline\css\base.css --> felinedayspa.com /css base.css
2011.03.11 18:45 B E:\Feline\css\layout.css --> felinedayspa.com /css layout.css
2011.03.11 18:45 B E:\Feline\css\main.css --> felinedayspa.com /css main.css
2011.03.11 18:45 B E:\Feline\css\menu.css --> felinedayspa.com /css menu.css
2011.03.11 18:50 B E:\Feline\css\base.css --> felinedayspa.com /new/css base.css
2011.03.11 18:50 B E:\Feline\css\base1.css --> felinedayspa.com /new/css base1.css
2011.03.11 18:50 B E:\Feline\css\base2.css --> felinedayspa.com /new/css base2.css
2011.03.11 18:50 B E:\Feline\css\layout.css --> felinedayspa.com /new/css layout.css
2011.03.11 18:50 B E:\Feline\css\layout1.css --> felinedayspa.com /new/css layout1.css
2011.03.11 18:50 B E:\Feline\css\layout2.css --> felinedayspa.com /new/css layout2.css
2011.03.11 18:50 B E:\Feline\css\layout3.css --> felinedayspa.com /new/css layout3.css
2011.03.11 18:50 B E:\Feline\css\main.css --> felinedayspa.com /new/css main.css
2011.03.11 18:50 B E:\Feline\css\main3.css --> felinedayspa.com /new/css main3.css
2011.03.11 18:50 B E:\Feline\css\main4.css --> felinedayspa.com /new/css main4.css
2011.03.11 18:50 B E:\Feline\css\main5.css --> felinedayspa.com /new/css main5.css
2011.03.11 18:50 B E:\Feline\css\main_orig.css --> felinedayspa.com /new/css main_orig.css
2011.03.11 18:50 B E:\Feline\css\menu.css --> felinedayspa.com /new/css menu.css
2011.03.11 18:50 B E:\Feline\css\styles.css --> felinedayspa.com /new/css styles.css
2011.03.11 18:50 B E:\Feline\css\WS_FTP.LOG --> felinedayspa.com /new/css WS_FTP.LOG
2011.03.12 12:21 B E:\Feline\css\menu.css --> felinedayspa.com /new/css menu.css
2011.03.12 12:49 B F:\Feline\css\main.css --> felinedayspa.com /new/css main.css
2011.03.12 12:53 B F:\Feline\css\menu.css --> felinedayspa.com /new/css menu.css
2011.03.12 13:09 B F:\Feline\css\main.css --> felinedayspa.com /new/css main.css
2011.03.12 13:15 B F:\Feline\css\main.css --> felinedayspa.com /new/css main.css
2011.03.12 13:19 B F:\Feline\css\main.css --> felinedayspa.com /new/css main.css
2011.03.12 13:22 B F:\Feline\css\main.css --> felinedayspa.com /new/css main.css
2011.03.12 13:24 B F:\Feline\css\main.css --> felinedayspa.com /new/css main.css
2011.03.12 13:25 B F:\Feline\css\main.css --> felinedayspa.com /new/css main.css
2011.03.12 13:25 B F:\Feline\css\main.css --> felinedayspa.com /new/css main.css
2011.03.12 13:28 B F:\Feline\css\main.css --> felinedayspa.com /new/css main.css
2011.03.12 13:29 B F:\Feline\css\main.css --> felinedayspa.com /new/css main.css
2011.03.12 13:29 B F:\Feline\css\main.css --> felinedayspa.com /new/css main.css
2011.03.12 13:31 B F:\Feline\css\main.css --> felinedayspa.com /new/css main.css
2011.03.12 13:34 B F:\Feline\css\main.css --> felinedayspa.com /new/css main.css
2011.03.12 13:39 B F:\Feline\css\main.css --> felinedayspa.com /new/css main.css
2011.03.12 13:42 B F:\Feline\css\main.css --> felinedayspa.com /new/css main.css
2011.03.12 13:44 B F:\Feline\css\main.css --> felinedayspa.com /new/css main.css
2011.03.12 13:47 B F:\Feline\css\main.css --> felinedayspa.com /new/css main.css
2011.03.12 13:50 B F:\Feline\css\main.css --> felinedayspa.com /new/css main.css
2011.03.12 13:53 B F:\Feline\css\main.css --> felinedayspa.com /new/css main.css
2011.03.12 14:03 B F:\Feline\css\main.css --> felinedayspa.com /new/css main.css
2011.03.30 22:56 B F:\Feline\css\base.css --> felinedayspa.com /css base.css
2011.03.30 22:56 B F:\Feline\css\layout.css --> felinedayspa.com /css layout.css
2011.03.30 22:56 B F:\Feline\css\main.css --> felinedayspa.com /css main.css
2011.03.30 22:56 B F:\Feline\css\menu.css --> felinedayspa.com /css menu.css
2012.03.07 22:57 B E:\Feline\css\WS_FTP.LOG <-- Feline /css WS_FTP.LOG
